<?xml version="1.0" encoding="UTF-8"?>
<!-- Generated by org.testng.reporters.JUnitReportReporter -->
<testsuite hostname="SHANMUGAPRIYA" failures="0" tests="6" name="sample.Sample1" time="0.026" errors="0" timestamp="2024-08-27T15:45:49 IST" skipped="0">
  <testcase classname="sample.Sample1" name="createUser" time="0.002"/>
  <system-out/>
  <testcase classname="sample.Sample1" name="createUser" time="0.016"/>
  <system-out/>
  <testcase classname="sample.Sample1" name="createUser" time="0.002"/>
  <system-out/>
  <testcase classname="sample.Sample1" name="createUser" time="0.002"/>
  <system-out/>
  <testcase classname="sample.Sample1" name="createUser" time="0.002"/>
  <system-out/>
  <testcase classname="sample.Sample1" name="modifyUser" time="0.002"/>
  <system-out/>
</testsuite> <!-- sample.Sample1 -->
